<?xml version="1.0" encoding="UTF-8"?>
<!-- Generated by org.testng.reporters.JUnitReportReporter -->
<testsuite hostname="mayank-gupta1" failures="0" tests="2" name="SeleniumWebAutomation.BuildingAutomation.AddtocartE2E" time="36.246" errors="0" timestamp="2024-08-05T21:27:18 IST" skipped="0">
  <testcase classname="SeleniumWebAutomation.BuildingAutomation.AddtocartE2E" name="addtocartJourney" time="16.663"/>
  <testcase classname="SeleniumWebAutomation.BuildingAutomation.AddtocartE2E" name="addtocartJourney" time="19.583"/>
</testsuite> <!-- SeleniumWebAutomation.BuildingAutomation.AddtocartE2E -->
