<?xml version="1.0" encoding="UTF-8"?>
<!-- Generated by org.testng.reporters.JUnitReportReporter -->
<testsuite hostname="mayank-gupta1" failures="0" tests="1" name="SeleniumWebAutomation.BuildingAutomation.SignupJourney" time="6.453" errors="0" timestamp="2024-08-05T21:27:18 IST" skipped="0">
  <testcase classname="SeleniumWebAutomation.BuildingAutomation.SignupJourney" name="signupflow" time="6.453"/>
</testsuite> <!-- SeleniumWebAutomation.BuildingAutomation.SignupJourney -->
