<?xml version="1.0" encoding="UTF-8"?>
<!-- Generated by org.testng.reporters.JUnitReportReporter -->
<testsuite hostname="mayank-gupta1" failures="0" tests="1" name="SeleniumWebAutomation.BuildingAutomation.ChildwindowHandlings" time="3.847" errors="0" timestamp="2024-08-05T12:33:15 IST" skipped="0">
  <testcase classname="SeleniumWebAutomation.BuildingAutomation.ChildwindowHandlings" name="Childwindowscheck" time="3.847"/>
</testsuite> <!-- SeleniumWebAutomation.BuildingAutomation.ChildwindowHandlings -->
