<?xml version="1.0" encoding="UTF-8"?>
<!-- Generated by org.testng.reporters.JUnitReportReporter -->
<testsuite hostname="mayank-gupta1" failures="0" tests="1" name="SeleniumWebAutomation.BuildingAutomation.ErrorValidations" time="4.247" errors="0" timestamp="2024-07-30T12:03:53 IST" skipped="0">
  <testcase classname="SeleniumWebAutomation.BuildingAutomation.ErrorValidations" name="errorcheck" time="4.247"/>
</testsuite> <!-- SeleniumWebAutomation.BuildingAutomation.ErrorValidations -->
